        -:    0:Source:/home/cherenkov/ucheba/nelidov/db-practice/include/base.h
        -:    0:Programs:4
        -:    1:#ifndef _BASE_H_
        -:    2:#define _BASE_H_
        -:    3:
        -:    4:#include <vector>
        -:    5:
        -:    6:#include "OEF.h"
        -:    7:
        1:    8:class Base {
        -:    9:    private:
        -:   10:        std::vector<OEF> fundList; 
        -:   11:    public:
        -:   12:        int add(std::string st_name, std::string compname, float price, float avgchg, int oeftype);
        -:   13:        std::vector<OEF> getList();
        -:   14:        OEF * find();
        -:   15:        int remove_by_num(int num);
        -:   16:        int remove_by_name(std::string str);
        -:   17:        int remove_by_company(std::string comp);
        -:   18:        ~Base();
        -:   19:};
        -:   20:
        -:   21:
        -:   22:#endif
